<?xml version="1.0" encoding="UTF-8"?>
<coverage generated="1714338761190" clover="3.2.0">
  <project timestamp="1714338761190" name="All files">
    <metrics statements="34" coveredstatements="13" conditionals="9" coveredconditionals="1" methods="5" coveredmethods="2" elements="48" coveredelements="16" complexity="0" loc="34" ncloc="34" packages="2" files="2" classes="2"/>
    <package name="controllers">
      <metrics statements="18" coveredstatements="7" conditionals="6" coveredconditionals="0" methods="2" coveredmethods="1"/>
      <file name="answerQuestionController.ts" path="C:\Users\User\Desktop\questions\src\controllers\answerQuestionController.ts">
        <metrics statements="18" coveredstatements="7" conditionals="6" coveredconditionals="0" methods="2" coveredmethods="1"/>
        <line num="1" count="1" type="stmt"/>
        <line num="5" count="1" type="cond" truecount="0" falsecount="1"/>
        <line num="6" count="0" type="stmt"/>
        <line num="9" count="1" type="stmt"/>
        <line num="11" count="1" type="stmt"/>
        <line num="12" count="1" type="stmt"/>
        <line num="13" count="1" type="stmt"/>
        <line num="15" count="0" type="stmt"/>
        <line num="20" count="0" type="stmt"/>
        <line num="21" count="0" type="cond" truecount="0" falsecount="2"/>
        <line num="22" count="0" type="cond" truecount="0" falsecount="2"/>
        <line num="24" count="0" type="cond" truecount="0" falsecount="1"/>
        <line num="25" count="0" type="stmt"/>
        <line num="28" count="0" type="stmt"/>
        <line num="29" count="0" type="stmt"/>
        <line num="30" count="0" type="stmt"/>
        <line num="36" count="0" type="stmt"/>
        <line num="41" count="1" type="stmt"/>
      </file>
    </package>
    <package name="services">
      <metrics statements="16" coveredstatements="6" conditionals="3" coveredconditionals="1" methods="3" coveredmethods="1"/>
      <file name="answerService.ts" path="C:\Users\User\Desktop\questions\src\services\answerService.ts">
        <metrics statements="16" coveredstatements="6" conditionals="3" coveredconditionals="1" methods="3" coveredmethods="1"/>
        <line num="1" count="1" type="stmt"/>
        <line num="3" count="1" type="stmt"/>
        <line num="7" count="1" type="stmt"/>
        <line num="12" count="1" type="cond" truecount="1" falsecount="0"/>
        <line num="13" count="1" type="stmt"/>
        <line num="16" count="0" type="cond" truecount="0" falsecount="1"/>
        <line num="17" count="0" type="stmt"/>
        <line num="20" count="0" type="stmt"/>
        <line num="21" count="0" type="cond" truecount="0" falsecount="1"/>
        <line num="22" count="0" type="stmt"/>
        <line num="25" count="0" type="stmt"/>
        <line num="32" count="0" type="stmt"/>
        <line num="36" count="0" type="stmt"/>
        <line num="37" count="0" type="stmt"/>
        <line num="42" count="0" type="stmt"/>
        <line num="46" count="1" type="stmt"/>
      </file>
    </package>
  </project>
</coverage>
