{"C:\\Users\\User\\Desktop\\questions\\src\\controllers\\answerQuestionController.ts": {"path":"C:\\Users\\User\\Desktop\\questions\\src\\controllers\\answerQuestionController.ts","statementMap":{"0":{"start":{"line":1,"column":0},"end":{"line":1,"column":58}},"1":{"start":{"line":5,"column":56},"end":{"line":5,"column":59}},"2":{"start":{"line":7,"column":8},"end":{"line":9,"column":null}},"3":{"start":{"line":8,"column":12},"end":{"line":8,"column":94}},"4":{"start":{"line":10,"column":8},"end":{"line":12,"column":null}},"5":{"start":{"line":11,"column":12},"end":{"line":11,"column":86}},"6":{"start":{"line":14,"column":8},"end":{"line":27,"column":null}},"7":{"start":{"line":15,"column":27},"end":{"line":15,"column":90}},"8":{"start":{"line":16,"column":12},"end":{"line":16,"column":48}},"9":{"start":{"line":18,"column":12},"end":{"line":26,"column":null}},"10":{"start":{"line":19,"column":16},"end":{"line":19,"column":89}},"11":{"start":{"line":20,"column":19},"end":{"line":26,"column":null}},"12":{"start":{"line":21,"column":16},"end":{"line":21,"column":82}},"13":{"start":{"line":22,"column":19},"end":{"line":26,"column":null}},"14":{"start":{"line":23,"column":16},"end":{"line":23,"column":92}},"15":{"start":{"line":25,"column":16},"end":{"line":25,"column":99}},"16":{"start":{"line":31,"column":31},"end":{"line":31,"column":41}},"17":{"start":{"line":32,"column":21},"end":{"line":32,"column":50}},"18":{"start":{"line":33,"column":22},"end":{"line":33,"column":53}},"19":{"start":{"line":35,"column":8},"end":{"line":37,"column":null}},"20":{"start":{"line":36,"column":12},"end":{"line":36,"column":105}},"21":{"start":{"line":39,"column":8},"end":{"line":48,"column":null}},"22":{"start":{"line":40,"column":28},"end":{"line":40,"column":83}},"23":{"start":{"line":41,"column":12},"end":{"line":45,"column":15}},"24":{"start":{"line":47,"column":12},"end":{"line":47,"column":61}},"25":{"start":{"line":52,"column":13},"end":{"line":52,"column":55}}},"fnMap":{"0":{"name":"(anonymous_0)","decl":{"start":{"line":4,"column":4},"end":{"line":4,"column":9}},"loc":{"start":{"line":4,"column":43},"end":{"line":28,"column":5}}},"1":{"name":"(anonymous_1)","decl":{"start":{"line":30,"column":4},"end":{"line":30,"column":9}},"loc":{"start":{"line":30,"column":50},"end":{"line":49,"column":5}}}},"branchMap":{"0":{"loc":{"start":{"line":7,"column":8},"end":{"line":9,"column":null}},"type":"if","locations":[{"start":{"line":7,"column":8},"end":{"line":9,"column":null}}]},"1":{"loc":{"start":{"line":10,"column":8},"end":{"line":12,"column":null}},"type":"if","locations":[{"start":{"line":10,"column":8},"end":{"line":12,"column":null}}]},"2":{"loc":{"start":{"line":10,"column":12},"end":{"line":10,"column":35}},"type":"binary-expr","locations":[{"start":{"line":10,"column":12},"end":{"line":10,"column":23}},{"start":{"line":10,"column":27},"end":{"line":10,"column":35}}]},"3":{"loc":{"start":{"line":18,"column":12},"end":{"line":26,"column":null}},"type":"if","locations":[{"start":{"line":18,"column":12},"end":{"line":26,"column":null}},{"start":{"line":20,"column":19},"end":{"line":26,"column":null}}]},"4":{"loc":{"start":{"line":20,"column":19},"end":{"line":26,"column":null}},"type":"if","locations":[{"start":{"line":20,"column":19},"end":{"line":26,"column":null}},{"start":{"line":22,"column":19},"end":{"line":26,"column":null}}]},"5":{"loc":{"start":{"line":22,"column":19},"end":{"line":26,"column":null}},"type":"if","locations":[{"start":{"line":22,"column":19},"end":{"line":26,"column":null}},{"start":{"line":24,"column":19},"end":{"line":26,"column":null}}]},"6":{"loc":{"start":{"line":25,"column":55},"end":{"line":25,"column":95}},"type":"binary-expr","locations":[{"start":{"line":25,"column":55},"end":{"line":25,"column":68}},{"start":{"line":25,"column":72},"end":{"line":25,"column":95}}]},"7":{"loc":{"start":{"line":32,"column":21},"end":{"line":32,"column":50}},"type":"binary-expr","locations":[{"start":{"line":32,"column":21},"end":{"line":32,"column":45}},{"start":{"line":32,"column":49},"end":{"line":32,"column":50}}]},"8":{"loc":{"start":{"line":33,"column":22},"end":{"line":33,"column":53}},"type":"binary-expr","locations":[{"start":{"line":33,"column":22},"end":{"line":33,"column":47}},{"start":{"line":33,"column":51},"end":{"line":33,"column":53}}]},"9":{"loc":{"start":{"line":35,"column":8},"end":{"line":37,"column":null}},"type":"if","locations":[{"start":{"line":35,"column":8},"end":{"line":37,"column":null}}]}},"s":{"0":1,"1":6,"2":6,"3":0,"4":6,"5":1,"6":5,"7":5,"8":1,"9":4,"10":2,"11":2,"12":0,"13":2,"14":1,"15":1,"16":2,"17":2,"18":2,"19":2,"20":1,"21":1,"22":1,"23":0,"24":1,"25":1},"f":{"0":6,"1":2},"b":{"0":[0],"1":[1],"2":[6,5],"3":[2,2],"4":[0,2],"5":[1,1],"6":[1,0],"7":[2,1],"8":[2,1],"9":[1]}}
,"C:\\Users\\User\\Desktop\\questions\\src\\services\\answerService.ts": {"path":"C:\\Users\\User\\Desktop\\questions\\src\\services\\answerService.ts","statementMap":{"0":{"start":{"line":1,"column":0},"end":{"line":1,"column":46}},"1":{"start":{"line":3,"column":15},"end":{"line":3,"column":33}},"2":{"start":{"line":7,"column":25},"end":{"line":10,"column":10}},"3":{"start":{"line":12,"column":8},"end":{"line":14,"column":null}},"4":{"start":{"line":13,"column":12},"end":{"line":13,"column":51}},"5":{"start":{"line":16,"column":8},"end":{"line":18,"column":null}},"6":{"start":{"line":17,"column":12},"end":{"line":17,"column":68}},"7":{"start":{"line":20,"column":32},"end":{"line":20,"column":89}},"8":{"start":{"line":20,"column":64},"end":{"line":20,"column":88}},"9":{"start":{"line":21,"column":8},"end":{"line":23,"column":null}},"10":{"start":{"line":22,"column":12},"end":{"line":22,"column":72}},"11":{"start":{"line":25,"column":23},"end":{"line":31,"column":10}},"12":{"start":{"line":32,"column":8},"end":{"line":32,"column":22}},"13":{"start":{"line":36,"column":21},"end":{"line":36,"column":39}},"14":{"start":{"line":37,"column":24},"end":{"line":41,"column":10}},"15":{"start":{"line":42,"column":8},"end":{"line":42,"column":23}},"16":{"start":{"line":46,"column":13},"end":{"line":46,"column":49}}},"fnMap":{"0":{"name":"(anonymous_0)","decl":{"start":{"line":6,"column":4},"end":{"line":6,"column":9}},"loc":{"start":{"line":6,"column":71},"end":{"line":33,"column":5}}},"1":{"name":"(anonymous_1)","decl":{"start":{"line":20,"column":54},"end":{"line":20,"column":60}},"loc":{"start":{"line":20,"column":64},"end":{"line":20,"column":88}}},"2":{"name":"(anonymous_2)","decl":{"start":{"line":35,"column":4},"end":{"line":35,"column":9}},"loc":{"start":{"line":35,"column":68},"end":{"line":43,"column":5}}}},"branchMap":{"0":{"loc":{"start":{"line":12,"column":8},"end":{"line":14,"column":null}},"type":"if","locations":[{"start":{"line":12,"column":8},"end":{"line":14,"column":null}}]},"1":{"loc":{"start":{"line":16,"column":8},"end":{"line":18,"column":null}},"type":"if","locations":[{"start":{"line":16,"column":8},"end":{"line":18,"column":null}}]},"2":{"loc":{"start":{"line":21,"column":8},"end":{"line":23,"column":null}},"type":"if","locations":[{"start":{"line":21,"column":8},"end":{"line":23,"column":null}}]}},"s":{"0":1,"1":1,"2":1,"3":1,"4":1,"5":0,"6":0,"7":0,"8":0,"9":0,"10":0,"11":0,"12":0,"13":0,"14":0,"15":0,"16":1},"f":{"0":1,"1":0,"2":0},"b":{"0":[1],"1":[0],"2":[0]}}
}
