TN:
SF:src\controllers\answerQuestionController.ts
FN:4,(anonymous_0)
FN:30,(anonymous_1)
FNF:2
FNH:2
FNDA:6,(anonymous_0)
FNDA:2,(anonymous_1)
DA:1,1
DA:5,6
DA:7,6
DA:8,0
DA:10,6
DA:11,1
DA:14,5
DA:15,5
DA:16,1
DA:18,4
DA:19,2
DA:20,2
DA:21,0
DA:22,2
DA:23,1
DA:25,1
DA:31,2
DA:32,2
DA:33,2
DA:35,2
DA:36,1
DA:39,1
DA:40,1
DA:41,0
DA:47,1
DA:52,1
LF:26
LH:23
BRDA:7,0,0,0
BRDA:10,1,0,1
BRDA:10,2,0,6
BRDA:10,2,1,5
BRDA:18,3,0,2
BRDA:18,3,1,2
BRDA:20,4,0,0
BRDA:20,4,1,2
BRDA:22,5,0,1
BRDA:22,5,1,1
BRDA:25,6,0,1
BRDA:25,6,1,0
BRDA:32,7,0,2
BRDA:32,7,1,1
BRDA:33,8,0,2
BRDA:33,8,1,1
BRDA:35,9,0,1
BRF:17
BRH:14
end_of_record
TN:
SF:src\services\answerService.ts
FN:6,(anonymous_0)
FN:20,(anonymous_1)
FN:35,(anonymous_2)
FNF:3
FNH:1
FNDA:1,(anonymous_0)
FNDA:0,(anonymous_1)
FNDA:0,(anonymous_2)
DA:1,1
DA:3,1
DA:7,1
DA:12,1
DA:13,1
DA:16,0
DA:17,0
DA:20,0
DA:21,0
DA:22,0
DA:25,0
DA:32,0
DA:36,0
DA:37,0
DA:42,0
DA:46,1
LF:16
LH:6
BRDA:12,0,0,1
BRDA:16,1,0,0
BRDA:21,2,0,0
BRF:3
BRH:1
end_of_record
