TN:
SF:src\controllers\answerQuestionController.ts
FN:4,(anonymous_0)
FN:19,(anonymous_1)
FNF:2
FNH:1
FNDA:1,(anonymous_0)
FNDA:0,(anonymous_1)
DA:1,1
DA:5,1
DA:6,0
DA:9,1
DA:11,1
DA:12,1
DA:13,1
DA:15,0
DA:20,0
DA:21,0
DA:22,0
DA:24,0
DA:25,0
DA:28,0
DA:29,0
DA:30,0
DA:36,0
DA:41,1
LF:18
LH:7
BRDA:5,0,0,0
BRDA:21,1,0,0
BRDA:21,1,1,0
BRDA:22,2,0,0
BRDA:22,2,1,0
BRDA:24,3,0,0
BRF:6
BRH:0
end_of_record
TN:
SF:src\services\answerService.ts
FN:6,(anonymous_0)
FN:20,(anonymous_1)
FN:35,(anonymous_2)
FNF:3
FNH:1
FNDA:1,(anonymous_0)
FNDA:0,(anonymous_1)
FNDA:0,(anonymous_2)
DA:1,1
DA:3,1
DA:7,1
DA:12,1
DA:13,1
DA:16,0
DA:17,0
DA:20,0
DA:21,0
DA:22,0
DA:25,0
DA:32,0
DA:36,0
DA:37,0
DA:42,0
DA:46,1
LF:16
LH:6
BRDA:12,0,0,1
BRDA:16,1,0,0
BRDA:21,2,0,0
BRF:3
BRH:1
end_of_record
